<?xml version="1.0" encoding="UTF-8"?>
<!-- Generated by org.testng.reporters.JUnitXMLReporter -->
<testsuite hostname="IN-SCHADHA" name="Default test" tests="3" failures="0" timestamp="29 Oct 2018 08:38:01 GMT" time="8.275" errors="0">
  <testcase name="send_mail" time="4.487" classname="com.shray.automation.intergration.stepdefinitions.MailStepDefinition"/>
  <testcase name="send_mail" time="3.764" classname="com.shray.automation.intergration.stepdefinitions.MailStepDefinition"/>
  <testcase name="displayMapping" time="0.001" classname="com.shray.automation.intergration.stepdefinitions.MailStepDefinition"/>
</testsuite> <!-- Default test -->
