<?xml version="1.0" encoding="UTF-8"?>
<!-- Generated by org.testng.reporters.JUnitXMLReporter -->
<testsuite hostname="IN-SCHADHA" name="Integration 1" tests="10" failures="0" timestamp="30 Oct 2018 09:35:05 GMT" time="13.646" errors="0">
  <testcase name="send_mail" time="4.508" classname="com.shray.automation.intergration.stepdefinitions.MailStepDefinition"/>
  <testcase name="send_mail" time="4.888" classname="com.shray.automation.intergration.stepdefinitions.MailStepDefinition"/>
  <testcase name="send_mail" time="5.287" classname="com.shray.automation.intergration.stepdefinitions.MailStepDefinition"/>
  <testcase name="send_mail" time="5.729" classname="com.shray.automation.intergration.stepdefinitions.MailStepDefinition"/>
  <testcase name="send_mail" time="6.094" classname="com.shray.automation.intergration.stepdefinitions.MailStepDefinition"/>
  <testcase name="verify_mail" time="7.219" classname="com.shray.automation.intergration.stepdefinitions.MailStepDefinition"/>
  <testcase name="verify_mail" time="7.316" classname="com.shray.automation.intergration.stepdefinitions.MailStepDefinition"/>
  <testcase name="verify_mail" time="7.441" classname="com.shray.automation.intergration.stepdefinitions.MailStepDefinition"/>
  <testcase name="verify_mail" time="7.49" classname="com.shray.automation.intergration.stepdefinitions.MailStepDefinition"/>
  <testcase name="verify_mail" time="7.522" classname="com.shray.automation.intergration.stepdefinitions.MailStepDefinition"/>
</testsuite> <!-- Integration 1 -->
