<?xml version="1.0" encoding="UTF-8"?>
<testng-results skipped="0" failed="0" total="10" passed="10">
  <reporter-output>
  </reporter-output>
  <suite name="Parallel test suite" duration-ms="13646" started-at="2018-10-30T09:34:51Z" finished-at="2018-10-30T09:35:05Z">
    <groups>
    </groups>
    <test name="Integration 1" duration-ms="13646" started-at="2018-10-30T09:34:51Z" finished-at="2018-10-30T09:35:05Z">
      <class name="com.shray.automation.intergration.stepdefinitions.MailStepDefinition">
        <test-method status="PASS" signature="send_mail(java.lang.String, java.lang.String)[pri:1, instance:com.shray.automation.intergration.stepdefinitions.MailStepDefinition@1b604f19]" name="send_mail" duration-ms="5287" started-at="2018-10-30T15:04:51Z" data-provider="getAlertsData" finished-at="2018-10-30T15:04:57Z">
          <params>
            <param index="0">
              <value>
                <![CDATA[scam]]>
              </value>
            </param>
            <param index="1">
              <value>
                <![CDATA[true]]>
              </value>
            </param>
          </params>
          <reporter-output>
          </reporter-output>
        </test-method> <!-- send_mail -->
        <test-method status="PASS" signature="send_mail(java.lang.String, java.lang.String)[pri:1, instance:com.shray.automation.intergration.stepdefinitions.MailStepDefinition@1b604f19]" name="send_mail" duration-ms="6094" started-at="2018-10-30T15:04:51Z" data-provider="getAlertsData" finished-at="2018-10-30T15:04:57Z">
          <params>
            <param index="0">
              <value>
                <![CDATA[spoofing]]>
              </value>
            </param>
            <param index="1">
              <value>
                <![CDATA[true]]>
              </value>
            </param>
          </params>
          <reporter-output>
          </reporter-output>
        </test-method> <!-- send_mail -->
        <test-method status="PASS" signature="send_mail(java.lang.String, java.lang.String)[pri:1, instance:com.shray.automation.intergration.stepdefinitions.MailStepDefinition@1b604f19]" name="send_mail" duration-ms="4888" started-at="2018-10-30T15:04:51Z" data-provider="getAlertsData" finished-at="2018-10-30T15:04:56Z">
          <params>
            <param index="0">
              <value>
                <![CDATA[malware]]>
              </value>
            </param>
            <param index="1">
              <value>
                <![CDATA[true]]>
              </value>
            </param>
          </params>
          <reporter-output>
          </reporter-output>
        </test-method> <!-- send_mail -->
        <test-method status="PASS" signature="send_mail(java.lang.String, java.lang.String)[pri:1, instance:com.shray.automation.intergration.stepdefinitions.MailStepDefinition@1b604f19]" name="send_mail" duration-ms="4508" started-at="2018-10-30T15:04:51Z" data-provider="getAlertsData" finished-at="2018-10-30T15:04:56Z">
          <params>
            <param index="0">
              <value>
                <![CDATA[phishing]]>
              </value>
            </param>
            <param index="1">
              <value>
                <![CDATA[true]]>
              </value>
            </param>
          </params>
          <reporter-output>
          </reporter-output>
        </test-method> <!-- send_mail -->
        <test-method status="PASS" signature="send_mail(java.lang.String, java.lang.String)[pri:1, instance:com.shray.automation.intergration.stepdefinitions.MailStepDefinition@1b604f19]" name="send_mail" duration-ms="5729" started-at="2018-10-30T15:04:51Z" data-provider="getAlertsData" finished-at="2018-10-30T15:04:57Z">
          <params>
            <param index="0">
              <value>
                <![CDATA[dbd]]>
              </value>
            </param>
            <param index="1">
              <value>
                <![CDATA[true]]>
              </value>
            </param>
          </params>
          <reporter-output>
          </reporter-output>
        </test-method> <!-- send_mail -->
        <test-method status="PASS" signature="verify_mail(java.lang.String, java.lang.String)[pri:2, instance:com.shray.automation.intergration.stepdefinitions.MailStepDefinition@1b604f19]" name="verify_mail" duration-ms="7441" started-at="2018-10-30T15:04:57Z" data-provider="getAlertsData" finished-at="2018-10-30T15:05:05Z">
          <params>
            <param index="0">
              <value>
                <![CDATA[spoofing]]>
              </value>
            </param>
            <param index="1">
              <value>
                <![CDATA[true]]>
              </value>
            </param>
          </params>
          <reporter-output>
          </reporter-output>
        </test-method> <!-- verify_mail -->
        <test-method status="PASS" signature="verify_mail(java.lang.String, java.lang.String)[pri:2, instance:com.shray.automation.intergration.stepdefinitions.MailStepDefinition@1b604f19]" name="verify_mail" duration-ms="7316" started-at="2018-10-30T15:04:57Z" data-provider="getAlertsData" finished-at="2018-10-30T15:05:05Z">
          <params>
            <param index="0">
              <value>
                <![CDATA[dbd]]>
              </value>
            </param>
            <param index="1">
              <value>
                <![CDATA[true]]>
              </value>
            </param>
          </params>
          <reporter-output>
          </reporter-output>
        </test-method> <!-- verify_mail -->
        <test-method status="PASS" signature="verify_mail(java.lang.String, java.lang.String)[pri:2, instance:com.shray.automation.intergration.stepdefinitions.MailStepDefinition@1b604f19]" name="verify_mail" duration-ms="7522" started-at="2018-10-30T15:04:57Z" data-provider="getAlertsData" finished-at="2018-10-30T15:05:05Z">
          <params>
            <param index="0">
              <value>
                <![CDATA[malware]]>
              </value>
            </param>
            <param index="1">
              <value>
                <![CDATA[true]]>
              </value>
            </param>
          </params>
          <reporter-output>
          </reporter-output>
        </test-method> <!-- verify_mail -->
        <test-method status="PASS" signature="verify_mail(java.lang.String, java.lang.String)[pri:2, instance:com.shray.automation.intergration.stepdefinitions.MailStepDefinition@1b604f19]" name="verify_mail" duration-ms="7219" started-at="2018-10-30T15:04:57Z" data-provider="getAlertsData" finished-at="2018-10-30T15:05:05Z">
          <params>
            <param index="0">
              <value>
                <![CDATA[scam]]>
              </value>
            </param>
            <param index="1">
              <value>
                <![CDATA[true]]>
              </value>
            </param>
          </params>
          <reporter-output>
          </reporter-output>
        </test-method> <!-- verify_mail -->
        <test-method status="PASS" signature="verify_mail(java.lang.String, java.lang.String)[pri:2, instance:com.shray.automation.intergration.stepdefinitions.MailStepDefinition@1b604f19]" name="verify_mail" duration-ms="7490" started-at="2018-10-30T15:04:57Z" data-provider="getAlertsData" finished-at="2018-10-30T15:05:05Z">
          <params>
            <param index="0">
              <value>
                <![CDATA[phishing]]>
              </value>
            </param>
            <param index="1">
              <value>
                <![CDATA[true]]>
              </value>
            </param>
          </params>
          <reporter-output>
          </reporter-output>
        </test-method> <!-- verify_mail -->
      </class> <!-- com.shray.automation.intergration.stepdefinitions.MailStepDefinition -->
    </test> <!-- Integration 1 -->
  </suite> <!-- Parallel test suite -->
</testng-results>
